<?xml version="1.0" encoding="UTF-8"?>
<robot generator="Robot 6.1.1 (Python 3.11.5 on win32)" generated="20231001 01:48:03.172" rpa="false" schemaversion="4">
<suite id="s1" name="Arrays Loops Practice" source="C:\Users\miliv\OneDrive\Desktop\Udemy_Automation\swaglabs\ArraysLoops\arrays_loops_practice.robot">
<test id="s1-t1" name="TC002 - Verify All Items Availability" line="6">
<kw name="Open Homepage and Login" library="resources_swaglabs">
<kw name="Open Browser" library="SeleniumLibrary">
<arg>${scheme}://${homepage}</arg>
<arg>${browser}</arg>
<doc>Opens a new browser instance to the optional ``url``.</doc>
<msg timestamp="20231001 01:48:03.345" level="INFO">Opening browser 'gc' to base url 'http://www.saucedemo.com/'.</msg>
<status status="PASS" starttime="20231001 01:48:03.345" endtime="20231001 01:48:08.858"/>
</kw>
<kw name="Wait Until Element Is Visible" library="SeleniumLibrary">
<arg>xpath=//*[@id="root"]/div/div[1]</arg>
<doc>Waits until the element ``locator`` is visible.</doc>
<status status="PASS" starttime="20231001 01:48:08.858" endtime="20231001 01:48:08.936"/>
</kw>
<kw name="Input Text" library="SeleniumLibrary">
<arg>xpath=//*[@id="user-name"]</arg>
<arg>${username}</arg>
<doc>Types the given ``text`` into the text field identified by ``locator``.</doc>
<msg timestamp="20231001 01:48:08.936" level="INFO">Typing text 'standard_user' into text field 'xpath=//*[@id="user-name"]'.</msg>
<status status="PASS" starttime="20231001 01:48:08.936" endtime="20231001 01:48:09.037"/>
</kw>
<kw name="Input Password" library="SeleniumLibrary">
<arg>xpath=//*[@id="password"]</arg>
<arg>${password}</arg>
<doc>Types the given password into the text field identified by ``locator``.</doc>
<msg timestamp="20231001 01:48:09.037" level="INFO">Typing password into text field 'xpath=//*[@id="password"]'.</msg>
<msg timestamp="20231001 01:48:09.068" level="INFO">Temporally setting log level to: NONE</msg>
<msg timestamp="20231001 01:48:09.102" level="INFO">Log level changed from NONE to INFO.</msg>
<status status="PASS" starttime="20231001 01:48:09.037" endtime="20231001 01:48:09.102"/>
</kw>
<kw name="Click Element" library="SeleniumLibrary">
<arg>xpath=//*[@id="login-button"]</arg>
<doc>Click the element identified by ``locator``.</doc>
<msg timestamp="20231001 01:48:09.102" level="INFO">Clicking element 'xpath=//*[@id="login-button"]'.</msg>
<status status="PASS" starttime="20231001 01:48:09.102" endtime="20231001 01:48:09.182"/>
</kw>
<kw name="Wait Until Element Is Visible" library="SeleniumLibrary">
<arg>xpath=//*[@id="header_container"]/div[1]/div[2]/div</arg>
<doc>Waits until the element ``locator`` is visible.</doc>
<status status="PASS" starttime="20231001 01:48:09.182" endtime="20231001 01:48:09.206"/>
</kw>
<status status="PASS" starttime="20231001 01:48:03.345" endtime="20231001 01:48:09.206"/>
</kw>
<kw name="Set Global Variable" library="BuiltIn">
<arg>@{containerNames}</arg>
<arg>//*[@id="item_4_title_link"]/div</arg>
<arg>//*[@id="item_0_title_link"]/div</arg>
<arg>//*[@id="item_1_title_link"]/div</arg>
<arg>//*[@id="item_5_title_link"]/div</arg>
<arg>//*[@id="item_2_title_link"]/div</arg>
<arg>//*[@id="item_3_title_link"]/div</arg>
<doc>Makes a variable available globally in all tests and suites.</doc>
<msg timestamp="20231001 01:48:09.206" level="INFO">@{containerNames} = [ //*[@id="item_4_title_link"]/div | //*[@id="item_0_title_link"]/div | //*[@id="item_1_title_link"]/div | //*[@id="item_5_title_link"]/div | //*[@id="item_2_title_link"]/div | //*[@id="item_3_title_l...</msg>
<status status="PASS" starttime="20231001 01:48:09.206" endtime="20231001 01:48:09.206"/>
</kw>
<for flavor="IN">
<var>${itemNames}</var>
<value>@{containerNames}</value>
<iter>
<var name="${itemNames}">//*[@id="item_4_title_link"]/div</var>
<kw name="Click Element" library="SeleniumLibrary">
<arg>xpath=${itemNames}</arg>
<doc>Click the element identified by ``locator``.</doc>
<msg timestamp="20231001 01:48:09.206" level="INFO">Clicking element 'xpath=//*[@id="item_4_title_link"]/div'.</msg>
<status status="PASS" starttime="20231001 01:48:09.206" endtime="20231001 01:48:09.247"/>
</kw>
<kw name="Wait Until Element Is Visible" library="SeleniumLibrary">
<arg>xpath=//*[@id="inventory_item_container"]/div/div/div[1]/img</arg>
<doc>Waits until the element ``locator`` is visible.</doc>
<status status="PASS" starttime="20231001 01:48:09.247" endtime="20231001 01:48:09.263"/>
</kw>
<kw name="Click Element" library="SeleniumLibrary">
<arg>xpath=//*[@id="back-to-products"]</arg>
<doc>Click the element identified by ``locator``.</doc>
<msg timestamp="20231001 01:48:09.263" level="INFO">Clicking element 'xpath=//*[@id="back-to-products"]'.</msg>
<status status="PASS" starttime="20231001 01:48:09.263" endtime="20231001 01:48:09.293"/>
</kw>
<status status="PASS" starttime="20231001 01:48:09.206" endtime="20231001 01:48:09.293"/>
</iter>
<iter>
<var name="${itemNames}">//*[@id="item_0_title_link"]/div</var>
<kw name="Click Element" library="SeleniumLibrary">
<arg>xpath=${itemNames}</arg>
<doc>Click the element identified by ``locator``.</doc>
<msg timestamp="20231001 01:48:09.293" level="INFO">Clicking element 'xpath=//*[@id="item_0_title_link"]/div'.</msg>
<status status="PASS" starttime="20231001 01:48:09.293" endtime="20231001 01:48:09.329"/>
</kw>
<kw name="Wait Until Element Is Visible" library="SeleniumLibrary">
<arg>xpath=//*[@id="inventory_item_container"]/div/div/div[1]/img</arg>
<doc>Waits until the element ``locator`` is visible.</doc>
<status status="PASS" starttime="20231001 01:48:09.329" endtime="20231001 01:48:09.341"/>
</kw>
<kw name="Click Element" library="SeleniumLibrary">
<arg>xpath=//*[@id="back-to-products"]</arg>
<doc>Click the element identified by ``locator``.</doc>
<msg timestamp="20231001 01:48:09.341" level="INFO">Clicking element 'xpath=//*[@id="back-to-products"]'.</msg>
<status status="PASS" starttime="20231001 01:48:09.341" endtime="20231001 01:48:09.377"/>
</kw>
<status status="PASS" starttime="20231001 01:48:09.293" endtime="20231001 01:48:09.377"/>
</iter>
<iter>
<var name="${itemNames}">//*[@id="item_1_title_link"]/div</var>
<kw name="Click Element" library="SeleniumLibrary">
<arg>xpath=${itemNames}</arg>
<doc>Click the element identified by ``locator``.</doc>
<msg timestamp="20231001 01:48:09.377" level="INFO">Clicking element 'xpath=//*[@id="item_1_title_link"]/div'.</msg>
<status status="PASS" starttime="20231001 01:48:09.377" endtime="20231001 01:48:09.405"/>
</kw>
<kw name="Wait Until Element Is Visible" library="SeleniumLibrary">
<arg>xpath=//*[@id="inventory_item_container"]/div/div/div[1]/img</arg>
<doc>Waits until the element ``locator`` is visible.</doc>
<status status="PASS" starttime="20231001 01:48:09.405" endtime="20231001 01:48:09.425"/>
</kw>
<kw name="Click Element" library="SeleniumLibrary">
<arg>xpath=//*[@id="back-to-products"]</arg>
<doc>Click the element identified by ``locator``.</doc>
<msg timestamp="20231001 01:48:09.425" level="INFO">Clicking element 'xpath=//*[@id="back-to-products"]'.</msg>
<status status="PASS" starttime="20231001 01:48:09.425" endtime="20231001 01:48:09.452"/>
</kw>
<status status="PASS" starttime="20231001 01:48:09.377" endtime="20231001 01:48:09.452"/>
</iter>
<iter>
<var name="${itemNames}">//*[@id="item_5_title_link"]/div</var>
<kw name="Click Element" library="SeleniumLibrary">
<arg>xpath=${itemNames}</arg>
<doc>Click the element identified by ``locator``.</doc>
<msg timestamp="20231001 01:48:09.452" level="INFO">Clicking element 'xpath=//*[@id="item_5_title_link"]/div'.</msg>
<status status="PASS" starttime="20231001 01:48:09.452" endtime="20231001 01:48:09.481"/>
</kw>
<kw name="Wait Until Element Is Visible" library="SeleniumLibrary">
<arg>xpath=//*[@id="inventory_item_container"]/div/div/div[1]/img</arg>
<doc>Waits until the element ``locator`` is visible.</doc>
<status status="PASS" starttime="20231001 01:48:09.481" endtime="20231001 01:48:09.490"/>
</kw>
<kw name="Click Element" library="SeleniumLibrary">
<arg>xpath=//*[@id="back-to-products"]</arg>
<doc>Click the element identified by ``locator``.</doc>
<msg timestamp="20231001 01:48:09.490" level="INFO">Clicking element 'xpath=//*[@id="back-to-products"]'.</msg>
<status status="PASS" starttime="20231001 01:48:09.490" endtime="20231001 01:48:09.523"/>
</kw>
<status status="PASS" starttime="20231001 01:48:09.452" endtime="20231001 01:48:09.523"/>
</iter>
<iter>
<var name="${itemNames}">//*[@id="item_2_title_link"]/div</var>
<kw name="Click Element" library="SeleniumLibrary">
<arg>xpath=${itemNames}</arg>
<doc>Click the element identified by ``locator``.</doc>
<msg timestamp="20231001 01:48:09.523" level="INFO">Clicking element 'xpath=//*[@id="item_2_title_link"]/div'.</msg>
<status status="PASS" starttime="20231001 01:48:09.523" endtime="20231001 01:48:09.553"/>
</kw>
<kw name="Wait Until Element Is Visible" library="SeleniumLibrary">
<arg>xpath=//*[@id="inventory_item_container"]/div/div/div[1]/img</arg>
<doc>Waits until the element ``locator`` is visible.</doc>
<status status="PASS" starttime="20231001 01:48:09.553" endtime="20231001 01:48:09.571"/>
</kw>
<kw name="Click Element" library="SeleniumLibrary">
<arg>xpath=//*[@id="back-to-products"]</arg>
<doc>Click the element identified by ``locator``.</doc>
<msg timestamp="20231001 01:48:09.571" level="INFO">Clicking element 'xpath=//*[@id="back-to-products"]'.</msg>
<status status="PASS" starttime="20231001 01:48:09.571" endtime="20231001 01:48:09.603"/>
</kw>
<status status="PASS" starttime="20231001 01:48:09.523" endtime="20231001 01:48:09.603"/>
</iter>
<iter>
<var name="${itemNames}">//*[@id="item_3_title_link"]/div</var>
<kw name="Click Element" library="SeleniumLibrary">
<arg>xpath=${itemNames}</arg>
<doc>Click the element identified by ``locator``.</doc>
<msg timestamp="20231001 01:48:09.603" level="INFO">Clicking element 'xpath=//*[@id="item_3_title_link"]/div'.</msg>
<status status="PASS" starttime="20231001 01:48:09.603" endtime="20231001 01:48:09.634"/>
</kw>
<kw name="Wait Until Element Is Visible" library="SeleniumLibrary">
<arg>xpath=//*[@id="inventory_item_container"]/div/div/div[1]/img</arg>
<doc>Waits until the element ``locator`` is visible.</doc>
<status status="PASS" starttime="20231001 01:48:09.634" endtime="20231001 01:48:09.646"/>
</kw>
<kw name="Click Element" library="SeleniumLibrary">
<arg>xpath=//*[@id="back-to-products"]</arg>
<doc>Click the element identified by ``locator``.</doc>
<msg timestamp="20231001 01:48:09.646" level="INFO">Clicking element 'xpath=//*[@id="back-to-products"]'.</msg>
<status status="PASS" starttime="20231001 01:48:09.646" endtime="20231001 01:48:09.674"/>
</kw>
<status status="PASS" starttime="20231001 01:48:09.603" endtime="20231001 01:48:09.674"/>
</iter>
<status status="PASS" starttime="20231001 01:48:09.206" endtime="20231001 01:48:09.674"/>
</for>
<kw name="Close Browser" library="SeleniumLibrary">
<doc>Closes the current browser.</doc>
<status status="PASS" starttime="20231001 01:48:09.674" endtime="20231001 01:48:11.774"/>
</kw>
<status status="PASS" starttime="20231001 01:48:03.345" endtime="20231001 01:48:11.774"/>
</test>
<status status="PASS" starttime="20231001 01:48:03.172" endtime="20231001 01:48:11.776"/>
</suite>
<statistics>
<total>
<stat pass="1" fail="0" skip="0">All Tests</stat>
</total>
<tag>
</tag>
<suite>
<stat pass="1" fail="0" skip="0" id="s1" name="Arrays Loops Practice">Arrays Loops Practice</stat>
</suite>
</statistics>
<errors>
</errors>
</robot>
